  Determining projects to restore...
  Restored D:\ReposFred\devthrottle-wt-848\src\CcDirector.AgentBrain\CcDirector.AgentBrain.csproj (in 93 ms).
  Restored D:\ReposFred\devthrottle-wt-848\src\CcDirector.Terminal.Core\CcDirector.Terminal.Core.csproj (in 93 ms).
  Restored D:\ReposFred\devthrottle-wt-848\src\CcDirector.Gateway.Contracts\CcDirector.Gateway.Contracts.csproj (in 93 ms).
  Restored D:\ReposFred\devthrottle-wt-848\src\CcDirector.CliExplorer\CcDirector.CliExplorer.csproj (in 22.38 sec).
  Restored D:\ReposFred\devthrottle-wt-848\src\CcDirector.ControlApi\CcDirector.ControlApi.csproj (in 22.38 sec).
  Restored D:\ReposFred\devthrottle-wt-848\src\CcDirector.Engine\CcDirector.Engine.csproj (in 22.26 sec).
  Restored D:\ReposFred\devthrottle-wt-848\src\CcDirector.Core\CcDirector.Core.csproj (in 22.38 sec).
  Restored D:\ReposFred\devthrottle-wt-848\tools\cc-director-setup-engine\CcDirector.Setup.Engine.csproj (in 22.38 sec).
  Restored D:\ReposFred\devthrottle-wt-848\src\CcDirector.HostedAgent\CcDirector.HostedAgent.csproj (in 22.38 sec).
  Restored D:\ReposFred\devthrottle-wt-848\src\CcDirector.Cockpit\CcDirector.Cockpit.csproj (in 22.38 sec).
  Restored D:\ReposFred\devthrottle-wt-848\src\CcDirector.Engine.Tests\CcDirector.Engine.Tests.csproj (in 22.38 sec).
  Restored D:\ReposFred\devthrottle-wt-848\src\CcDirector.Gateway\CcDirector.Gateway.csproj (in 22.38 sec).
  Restored D:\ReposFred\devthrottle-wt-848\src\CcDirector.Terminal\CcDirector.Terminal.csproj (in 22.73 sec).
  Restored D:\ReposFred\devthrottle-wt-848\src\CcDirector.TrayUi\CcDirector.TrayUi.csproj (in 22.88 sec).
  Restored D:\ReposFred\devthrottle-wt-848\src\CcDirector.Terminal.Avalonia\CcDirector.Terminal.Avalonia.csproj (in 22.88 sec).
  Restored D:\ReposFred\devthrottle-wt-848\src\CcDirector.Launcher\CcDirector.Launcher.csproj (in 522 ms).
  Restored D:\ReposFred\devthrottle-wt-848\src\CcDirector.AgentBrain.Panel\CcDirector.AgentBrain.Panel.csproj (in 22.93 sec).
  Restored D:\ReposFred\devthrottle-wt-848\src\CcDirector.GatewayApp\CcDirector.GatewayApp.csproj (in 22.93 sec).
  Restored D:\ReposFred\devthrottle-wt-848\src\CcDirector.Avalonia\CcDirector.Avalonia.csproj (in 22.94 sec).
  Restored D:\ReposFred\devthrottle-wt-848\src\CcDirector.Terminal.RenderHarness\CcDirector.Terminal.RenderHarness.csproj (in 22.85 sec).
  Restored D:\ReposFred\devthrottle-wt-848\src\CcClick\CcClick.csproj (in 23.67 sec).
  Restored D:\ReposFred\devthrottle-wt-848\src\CcDirector.Core.Tests\CcDirector.Core.Tests.csproj (in 23.85 sec).
  Restored D:\ReposFred\devthrottle-wt-848\src\CcDirector.HostedAgent.Tests\CcDirector.HostedAgent.Tests.csproj (in 23.85 sec).
  Restored D:\ReposFred\devthrottle-wt-848\src\CcDirector.Terminal.Avalonia.Tests\CcDirector.Terminal.Avalonia.Tests.csproj (in 23.85 sec).
  Restored D:\ReposFred\devthrottle-wt-848\src\CcDirector.Avalonia.Tests\CcDirector.Avalonia.Tests.csproj (in 23.85 sec).
  Restored D:\ReposFred\devthrottle-wt-848\src\CcDirector.Gateway.Tests\CcDirector.Gateway.Tests.csproj (in 23.85 sec).
  Restored D:\ReposFred\devthrottle-wt-848\src\CcDirector.Launcher.Tests\CcDirector.Launcher.Tests.csproj (in 23.85 sec).
  Restored D:\ReposFred\devthrottle-wt-848\src\CcDirector.Cockpit.Tests\CcDirector.Cockpit.Tests.csproj (in 23.93 sec).
  CcDirector.AgentBrain -> D:\ReposFred\devthrottle-wt-848\src\CcDirector.AgentBrain\bin\Debug\net10.0\CcDirector.AgentBrain.dll
  CcDirector.Terminal.Core -> D:\ReposFred\devthrottle-wt-848\src\CcDirector.Terminal.Core\bin\Debug\net10.0\CcDirector.Terminal.Core.dll
  CcDirector.Gateway.Contracts -> D:\ReposFred\devthrottle-wt-848\src\CcDirector.Gateway.Contracts\bin\Debug\net10.0\CcDirector.Gateway.Contracts.dll
  CcClick -> D:\ReposFred\devthrottle-wt-848\src\CcClick\bin\Debug\net10.0-windows\CcClick.dll
  CcDirector.TrayUi -> D:\ReposFred\devthrottle-wt-848\src\CcDirector.TrayUi\bin\Debug\net10.0-windows\CcDirector.TrayUi.dll
  CcDirector.Core -> D:\ReposFred\devthrottle-wt-848\src\CcDirector.Core\bin\Debug\net10.0\CcDirector.Core.dll
  CcDirector.Setup.Engine -> D:\ReposFred\devthrottle-wt-848\tools\cc-director-setup-engine\bin\Debug\net10.0\CcDirector.Setup.Engine.dll
  CcDirector.Terminal.Avalonia -> D:\ReposFred\devthrottle-wt-848\src\CcDirector.Terminal.Avalonia\bin\Debug\net10.0\CcDirector.Terminal.Avalonia.dll
  CcDirector.Engine -> D:\ReposFred\devthrottle-wt-848\src\CcDirector.Engine\bin\Debug\net10.0\CcDirector.Engine.dll
  CcDirector.HostedAgent -> D:\ReposFred\devthrottle-wt-848\src\CcDirector.HostedAgent\bin\Debug\net10.0\CcDirector.HostedAgent.dll
  CcDirector.Terminal -> D:\ReposFred\devthrottle-wt-848\src\CcDirector.Terminal\bin\Debug\net10.0-windows\CcDirector.Terminal.dll
  CcDirector.CliExplorer -> D:\ReposFred\devthrottle-wt-848\src\CcDirector.CliExplorer\bin\Debug\net10.0-windows\CcDirector.CliExplorer.dll
  CcDirector.HostedAgent.Tests -> D:\ReposFred\devthrottle-wt-848\src\CcDirector.HostedAgent.Tests\bin\Debug\net10.0\CcDirector.HostedAgent.Tests.dll
  CcDirector.Engine.Tests -> D:\ReposFred\devthrottle-wt-848\src\CcDirector.Engine.Tests\bin\Debug\net10.0\CcDirector.Engine.Tests.dll
  CcDirector.Core.Tests -> D:\ReposFred\devthrottle-wt-848\src\CcDirector.Core.Tests\bin\Debug\net10.0\CcDirector.Core.Tests.dll
  CcDirector.Terminal.Avalonia.Tests -> D:\ReposFred\devthrottle-wt-848\src\CcDirector.Terminal.Avalonia.Tests\bin\Debug\net10.0\CcDirector.Terminal.Avalonia.Tests.dll
  CcDirector.Gateway -> D:\ReposFred\devthrottle-wt-848\src\CcDirector.Gateway\bin\Debug\net10.0\CcDirector.Gateway.dll
  CcDirector.AgentBrain.Panel -> D:\ReposFred\devthrottle-wt-848\src\CcDirector.AgentBrain.Panel\bin\Debug\net10.0\agent-brain-panel.dll
  CcDirector.ControlApi -> D:\ReposFred\devthrottle-wt-848\src\CcDirector.ControlApi\bin\Debug\net10.0\CcDirector.ControlApi.dll
  CcDirector.Cockpit -> D:\ReposFred\devthrottle-wt-848\src\CcDirector.Cockpit\bin\Debug\net10.0\devthrottle-cockpit.dll
  CcDirector.Launcher -> D:\ReposFred\devthrottle-wt-848\src\CcDirector.Launcher\bin\Debug\net10.0-windows\cc-launcher.dll
  CcDirector.Terminal.RenderHarness -> D:\ReposFred\devthrottle-wt-848\src\CcDirector.Terminal.RenderHarness\bin\Debug\net10.0\CcDirector.Terminal.RenderHarness.dll
  CcDirector.Launcher.Tests -> D:\ReposFred\devthrottle-wt-848\src\CcDirector.Launcher.Tests\bin\Debug\net10.0-windows\CcDirector.Launcher.Tests.dll
  CcDirector.Gateway.Tests -> D:\ReposFred\devthrottle-wt-848\src\CcDirector.Gateway.Tests\bin\Debug\net10.0\CcDirector.Gateway.Tests.dll
  CcDirector.GatewayApp -> D:\ReposFred\devthrottle-wt-848\src\CcDirector.GatewayApp\bin\Debug\net10.0-windows\devthrottle-gateway.dll
  CcDirector.Cockpit.Tests -> D:\ReposFred\devthrottle-wt-848\src\CcDirector.Cockpit.Tests\bin\Debug\net10.0\CcDirector.Cockpit.Tests.dll
  CcDirector.Avalonia -> D:\ReposFred\devthrottle-wt-848\src\CcDirector.Avalonia\bin\Debug\net10.0\cc-director.dll
  CcDirector.Avalonia.Tests -> D:\ReposFred\devthrottle-wt-848\src\CcDirector.Avalonia.Tests\bin\Debug\net10.0\CcDirector.Avalonia.Tests.dll

Build succeeded.
    0 Warning(s)
    0 Error(s)

Time Elapsed 00:00:43.87
