GET /sessions/1c301aba-1848-4855-95a3-67134edc5881/turns bearer=true -> 200 application/json; charset=utf-8
GET /sessions bearer=true -> 200 application/json; charset=utf-8
GET /sessions bearer=true -> 200 application/json; charset=utf-8
GET /sessions/1c301aba-1848-4855-95a3-67134edc5881/turns bearer=true -> 200 application/json; charset=utf-8
GET /sessions/1c301aba-1848-4855-95a3-67134edc5881/summary bearer=true -> 200 application/json; charset=utf-8
GET /sessions/1c301aba-1848-4855-95a3-67134edc5881/wingman/explain bearer=true -> 200 application/json; charset=utf-8
GET /sessions/1c301aba-1848-4855-95a3-67134edc5881/turns bearer=true -> 200 application/json; charset=utf-8
GET /sessions/1c301aba-1848-4855-95a3-67134edc5881/summary bearer=true -> 200 application/json; charset=utf-8
GET /sessions/1c301aba-1848-4855-95a3-67134edc5881/wingman/explain bearer=true -> 200 application/json; charset=utf-8
GET /sessions bearer=true -> 200 application/json; charset=utf-8
GET /sessions/1c301aba-1848-4855-95a3-67134edc5881/buffer?raw=true bearer=true -> 200 application/json; charset=utf-8
GET /sessions bearer=true -> 200 application/json; charset=utf-8
GET /sessions/1c301aba-1848-4855-95a3-67134edc5881/buffer?raw=true bearer=true -> 200 application/json; charset=utf-8
GET /sessions/1c301aba-1848-4855-95a3-67134edc5881/buffer?raw=true&since=12811 bearer=true -> 200 application/json; charset=utf-8
GET /sessions/1c301aba-1848-4855-95a3-67134edc5881/buffer?raw=true&since=12811 bearer=true -> 200 application/json; charset=utf-8
GET /sessions/1c301aba-1848-4855-95a3-67134edc5881/buffer?raw=true&since=12811 bearer=true -> 200 application/json; charset=utf-8
GET /sessions/1c301aba-1848-4855-95a3-67134edc5881/turns bearer=true -> 200 application/json; charset=utf-8
GET /sessions bearer=true -> 200 application/json; charset=utf-8
GET /sessions/1c301aba-1848-4855-95a3-67134edc5881/turns bearer=true -> 200 application/json; charset=utf-8
GET /sessions bearer=true -> 200 application/json; charset=utf-8
GET /sessions/1c301aba-1848-4855-95a3-67134edc5881/summary bearer=true -> 200 application/json; charset=utf-8
GET /sessions/1c301aba-1848-4855-95a3-67134edc5881/wingman/explain bearer=true -> 200 application/json; charset=utf-8
GET /sessions/1c301aba-1848-4855-95a3-67134edc5881/turns bearer=true -> 200 application/json; charset=utf-8
GET /sessions/1c301aba-1848-4855-95a3-67134edc5881/summary bearer=true -> 200 application/json; charset=utf-8
GET /sessions/1c301aba-1848-4855-95a3-67134edc5881/wingman/explain bearer=true -> 200 application/json; charset=utf-8
POST /sessions/1c301aba-1848-4855-95a3-67134edc5881/prompt bearer=true -> 200 application/json; charset=utf-8
GET /sessions/1c301aba-1848-4855-95a3-67134edc5881/turns bearer=true -> 200 application/json; charset=utf-8
GET /sessions/1c301aba-1848-4855-95a3-67134edc5881/summary bearer=true -> 200 application/json; charset=utf-8
GET /sessions/1c301aba-1848-4855-95a3-67134edc5881/wingman/explain bearer=true -> 200 application/json; charset=utf-8
GET /sessions/1c301aba-1848-4855-95a3-67134edc5881/turns bearer=true -> 200 application/json; charset=utf-8
GET /sessions/1c301aba-1848-4855-95a3-67134edc5881/summary bearer=true -> 200 application/json; charset=utf-8
GET /sessions/1c301aba-1848-4855-95a3-67134edc5881/wingman/explain bearer=true -> 200 application/json; charset=utf-8
GET /sessions/1c301aba-1848-4855-95a3-67134edc5881/turns bearer=true -> 200 application/json; charset=utf-8
GET /sessions/1c301aba-1848-4855-95a3-67134edc5881/summary bearer=true -> 200 application/json; charset=utf-8
GET /sessions/1c301aba-1848-4855-95a3-67134edc5881/wingman/explain bearer=true -> 200 application/json; charset=utf-8
POST /sessions/1c301aba-1848-4855-95a3-67134edc5881/prompt bearer=true -> 200 application/json; charset=utf-8
POST /sessions/1c301aba-1848-4855-95a3-67134edc5881/prompt bearer=true -> 200 application/json; charset=utf-8
POST /sessions/1c301aba-1848-4855-95a3-67134edc5881/prompt bearer=true -> 200 application/json; charset=utf-8
POST /sessions/1c301aba-1848-4855-95a3-67134edc5881/prompt bearer=true -> 200 application/json; charset=utf-8
GET /sessions/1c301aba-1848-4855-95a3-67134edc5881/turns bearer=true -> 200 application/json; charset=utf-8
GET /sessions/1c301aba-1848-4855-95a3-67134edc5881/summary bearer=true -> 200 application/json; charset=utf-8
GET /sessions/1c301aba-1848-4855-95a3-67134edc5881/wingman/explain bearer=true -> 200 application/json; charset=utf-8
POST /sessions/1c301aba-1848-4855-95a3-67134edc5881/prompt bearer=true -> 200 application/json; charset=utf-8
POST /sessions/1c301aba-1848-4855-95a3-67134edc5881/escape bearer=true -> 200 application/json; charset=utf-8
POST /sessions/1c301aba-1848-4855-95a3-67134edc5881/interrupt bearer=true -> 200 application/json; charset=utf-8
GET /sessions/1c301aba-1848-4855-95a3-67134edc5881/turns bearer=true -> 200 application/json; charset=utf-8
GET /sessions/1c301aba-1848-4855-95a3-67134edc5881/summary bearer=true -> 200 application/json; charset=utf-8
GET /sessions/1c301aba-1848-4855-95a3-67134edc5881/wingman/explain bearer=true -> 200 application/json; charset=utf-8
POST /tts bearer=true -> 200 audio/mpeg
GET /sessions/1c301aba-1848-4855-95a3-67134edc5881/turns bearer=true -> 200 application/json; charset=utf-8
GET /sessions/1c301aba-1848-4855-95a3-67134edc5881/summary bearer=true -> 200 application/json; charset=utf-8
GET /sessions/1c301aba-1848-4855-95a3-67134edc5881/wingman/explain bearer=true -> 200 application/json; charset=utf-8
GET /sessions/1c301aba-1848-4855-95a3-67134edc5881/turns bearer=true -> 200 application/json; charset=utf-8
GET /sessions/1c301aba-1848-4855-95a3-67134edc5881/summary bearer=true -> 200 application/json; charset=utf-8
GET /sessions/1c301aba-1848-4855-95a3-67134edc5881/wingman/explain bearer=true -> 200 application/json; charset=utf-8
