2026-06-28T17:23:12.473Z GET /sessions bearer=no
2026-06-28T17:23:12.874Z GET /sessions bearer=no
2026-06-28T17:23:12.878Z GET /sessions bearer=no
2026-06-28T17:23:14.049Z GET /sessions bearer=yes
2026-06-28T17:23:14.054Z GET /sessions/6888cfe1-4cce-49b7-bb2f-1616fce5abc5/buffer?raw=true bearer=yes
2026-06-28T17:23:14.055Z GET /sessions bearer=yes
2026-06-28T17:23:14.060Z GET /sessions/6888cfe1-4cce-49b7-bb2f-1616fce5abc5/buffer?raw=true bearer=yes
2026-06-28T17:23:15.087Z GET /sessions/6888cfe1-4cce-49b7-bb2f-1616fce5abc5/buffer?raw=true&since=285 bearer=yes
2026-06-28T17:23:16.096Z GET /sessions/6888cfe1-4cce-49b7-bb2f-1616fce5abc5/buffer?raw=true&since=285 bearer=yes
2026-06-28T17:23:17.112Z GET /sessions/6888cfe1-4cce-49b7-bb2f-1616fce5abc5/buffer?raw=true&since=285 bearer=yes
2026-06-28T17:23:17.135Z POST /sessions/6888cfe1-4cce-49b7-bb2f-1616fce5abc5/prompt bearer=yes
2026-06-28T17:23:18.133Z GET /sessions/6888cfe1-4cce-49b7-bb2f-1616fce5abc5/buffer?raw=true&since=285 bearer=yes
2026-06-28T17:23:19.142Z GET /sessions/6888cfe1-4cce-49b7-bb2f-1616fce5abc5/buffer?raw=true&since=366 bearer=yes
2026-06-28T17:23:19.261Z POST /sessions/6888cfe1-4cce-49b7-bb2f-1616fce5abc5/prompt bearer=yes
2026-06-28T17:23:20.158Z GET /sessions/6888cfe1-4cce-49b7-bb2f-1616fce5abc5/buffer?raw=true&since=366 bearer=yes
2026-06-28T17:23:21.164Z GET /sessions/6888cfe1-4cce-49b7-bb2f-1616fce5abc5/buffer?raw=true&since=400 bearer=yes
2026-06-28T17:23:21.218Z POST /sessions/6888cfe1-4cce-49b7-bb2f-1616fce5abc5/prompt bearer=yes
2026-06-28T17:23:22.180Z GET /sessions/6888cfe1-4cce-49b7-bb2f-1616fce5abc5/buffer?raw=true&since=400 bearer=yes
2026-06-28T17:23:22.750Z POST /sessions/6888cfe1-4cce-49b7-bb2f-1616fce5abc5/prompt bearer=yes
2026-06-28T17:23:23.200Z GET /sessions/6888cfe1-4cce-49b7-bb2f-1616fce5abc5/buffer?raw=true&since=484 bearer=yes
2026-06-28T17:23:24.217Z GET /sessions/6888cfe1-4cce-49b7-bb2f-1616fce5abc5/buffer?raw=true&since=502 bearer=yes
2026-06-28T17:23:24.348Z POST /sessions/6888cfe1-4cce-49b7-bb2f-1616fce5abc5/prompt bearer=yes
2026-06-28T17:23:24.776Z POST /sessions/6888cfe1-4cce-49b7-bb2f-1616fce5abc5/prompt bearer=yes
2026-06-28T17:23:25.203Z POST /sessions/6888cfe1-4cce-49b7-bb2f-1616fce5abc5/prompt bearer=yes
2026-06-28T17:23:25.229Z GET /sessions/6888cfe1-4cce-49b7-bb2f-1616fce5abc5/buffer?raw=true&since=502 bearer=yes
2026-06-28T17:23:26.245Z GET /sessions/6888cfe1-4cce-49b7-bb2f-1616fce5abc5/buffer?raw=true&since=507 bearer=yes
2026-06-28T17:23:26.349Z POST /sessions/6888cfe1-4cce-49b7-bb2f-1616fce5abc5/interrupt bearer=yes
2026-06-28T17:23:27.268Z GET /sessions/6888cfe1-4cce-49b7-bb2f-1616fce5abc5/buffer?raw=true&since=507 bearer=yes
2026-06-28T17:23:28.292Z GET /sessions/6888cfe1-4cce-49b7-bb2f-1616fce5abc5/buffer?raw=true&since=543 bearer=yes
2026-06-28T17:23:28.365Z POST /sessions/6888cfe1-4cce-49b7-bb2f-1616fce5abc5/escape bearer=yes
2026-06-28T17:23:29.304Z GET /sessions/6888cfe1-4cce-49b7-bb2f-1616fce5abc5/buffer?raw=true&since=543 bearer=yes
2026-06-28T17:23:29.690Z POST /sessions/6888cfe1-4cce-49b7-bb2f-1616fce5abc5/prompt bearer=yes
2026-06-28T17:23:30.319Z GET /sessions/6888cfe1-4cce-49b7-bb2f-1616fce5abc5/buffer?raw=true&since=543 bearer=yes
2026-06-28T17:23:31.344Z GET /sessions/6888cfe1-4cce-49b7-bb2f-1616fce5abc5/buffer?raw=true&since=714 bearer=yes
2026-06-28T17:23:32.363Z GET /sessions/6888cfe1-4cce-49b7-bb2f-1616fce5abc5/buffer?raw=true&since=763 bearer=yes
2026-06-28T17:23:32.978Z POST /sessions/6888cfe1-4cce-49b7-bb2f-1616fce5abc5/interrupt bearer=yes
2026-06-28T17:23:33.384Z GET /sessions/6888cfe1-4cce-49b7-bb2f-1616fce5abc5/buffer?raw=true&since=812 bearer=yes
2026-06-28T17:23:34.410Z GET /sessions/6888cfe1-4cce-49b7-bb2f-1616fce5abc5/buffer?raw=true&since=1129 bearer=yes
2026-06-28T17:23:35.109Z GET /sessions/6888cfe1-4cce-49b7-bb2f-1616fce5abc5/buffer?raw=false&lines=30 bearer=yes
2026-06-28T17:23:35.122Z POST /tts bearer=yes
2026-06-28T17:23:35.424Z GET /sessions/6888cfe1-4cce-49b7-bb2f-1616fce5abc5/buffer?raw=true&since=1129 bearer=yes
2026-06-28T17:23:36.445Z GET /sessions/6888cfe1-4cce-49b7-bb2f-1616fce5abc5/buffer?raw=true&since=1129 bearer=yes
2026-06-28T17:23:37.457Z GET /sessions/6888cfe1-4cce-49b7-bb2f-1616fce5abc5/buffer?raw=true&since=1129 bearer=yes
2026-06-28T17:23:38.469Z GET /sessions/6888cfe1-4cce-49b7-bb2f-1616fce5abc5/buffer?raw=true&since=1129 bearer=yes
2026-06-28T17:23:39.491Z GET /sessions/6888cfe1-4cce-49b7-bb2f-1616fce5abc5/buffer?raw=true&since=1129 bearer=yes
2026-06-28T17:23:40.508Z GET /sessions/6888cfe1-4cce-49b7-bb2f-1616fce5abc5/buffer?raw=true&since=1129 bearer=yes
2026-06-28T17:23:41.521Z GET /sessions/6888cfe1-4cce-49b7-bb2f-1616fce5abc5/buffer?raw=true&since=1129 bearer=yes
2026-06-28T17:23:42.528Z GET /sessions/6888cfe1-4cce-49b7-bb2f-1616fce5abc5/buffer?raw=true&since=1129 bearer=yes
2026-06-28T17:23:43.543Z GET /sessions/6888cfe1-4cce-49b7-bb2f-1616fce5abc5/buffer?raw=true&since=1129 bearer=yes
2026-06-28T17:23:44.570Z GET /sessions/6888cfe1-4cce-49b7-bb2f-1616fce5abc5/buffer?raw=true&since=1129 bearer=yes
2026-06-28T17:23:45.596Z GET /sessions/6888cfe1-4cce-49b7-bb2f-1616fce5abc5/buffer?raw=true&since=1129 bearer=yes
2026-06-28T17:23:46.606Z GET /sessions/6888cfe1-4cce-49b7-bb2f-1616fce5abc5/buffer?raw=true&since=1129 bearer=yes
2026-06-28T17:23:47.615Z GET /sessions/6888cfe1-4cce-49b7-bb2f-1616fce5abc5/buffer?raw=true&since=1129 bearer=yes
2026-06-28T17:23:48.634Z GET /sessions/6888cfe1-4cce-49b7-bb2f-1616fce5abc5/buffer?raw=true&since=1129 bearer=yes
2026-06-28T17:23:49.653Z GET /sessions/6888cfe1-4cce-49b7-bb2f-1616fce5abc5/buffer?raw=true&since=1129 bearer=yes
2026-06-28T17:23:50.671Z GET /sessions/6888cfe1-4cce-49b7-bb2f-1616fce5abc5/buffer?raw=true&since=1129 bearer=yes
2026-06-28T17:23:51.689Z GET /sessions/6888cfe1-4cce-49b7-bb2f-1616fce5abc5/buffer?raw=true&since=1129 bearer=yes
2026-06-28T17:23:52.693Z GET /sessions/6888cfe1-4cce-49b7-bb2f-1616fce5abc5/buffer?raw=true&since=1129 bearer=yes
2026-06-28T17:23:53.702Z GET /sessions/6888cfe1-4cce-49b7-bb2f-1616fce5abc5/buffer?raw=true&since=1129 bearer=yes
2026-06-28T17:23:54.717Z GET /sessions/6888cfe1-4cce-49b7-bb2f-1616fce5abc5/buffer?raw=true&since=1129 bearer=yes
2026-06-28T17:23:55.733Z GET /sessions/6888cfe1-4cce-49b7-bb2f-1616fce5abc5/buffer?raw=true&since=1129 bearer=yes
2026-06-28T17:23:56.752Z GET /sessions/6888cfe1-4cce-49b7-bb2f-1616fce5abc5/buffer?raw=true&since=1129 bearer=yes
2026-06-28T17:23:57.757Z GET /sessions/6888cfe1-4cce-49b7-bb2f-1616fce5abc5/buffer?raw=true&since=1129 bearer=yes
2026-06-28T17:23:58.763Z GET /sessions/6888cfe1-4cce-49b7-bb2f-1616fce5abc5/buffer?raw=true&since=1129 bearer=yes
2026-06-28T17:23:59.783Z GET /sessions/6888cfe1-4cce-49b7-bb2f-1616fce5abc5/buffer?raw=true&since=1129 bearer=yes
2026-06-28T17:24:00.796Z GET /sessions/6888cfe1-4cce-49b7-bb2f-1616fce5abc5/buffer?raw=true&since=1129 bearer=yes
2026-06-28T17:24:01.806Z GET /sessions/6888cfe1-4cce-49b7-bb2f-1616fce5abc5/buffer?raw=true&since=1129 bearer=yes
2026-06-28T17:24:02.818Z GET /sessions/6888cfe1-4cce-49b7-bb2f-1616fce5abc5/buffer?raw=true&since=1129 bearer=yes
2026-06-28T17:24:03.825Z GET /sessions/6888cfe1-4cce-49b7-bb2f-1616fce5abc5/buffer?raw=true&since=1129 bearer=yes
2026-06-28T17:24:04.834Z GET /sessions/6888cfe1-4cce-49b7-bb2f-1616fce5abc5/buffer?raw=true&since=1129 bearer=yes
2026-06-28T17:24:05.839Z GET /sessions/6888cfe1-4cce-49b7-bb2f-1616fce5abc5/buffer?raw=true&since=1129 bearer=yes
2026-06-28T17:24:06.844Z GET /sessions/6888cfe1-4cce-49b7-bb2f-1616fce5abc5/buffer?raw=true&since=1129 bearer=yes
2026-06-28T17:24:07.860Z GET /sessions/6888cfe1-4cce-49b7-bb2f-1616fce5abc5/buffer?raw=true&since=1129 bearer=yes
2026-06-28T17:24:08.880Z GET /sessions/6888cfe1-4cce-49b7-bb2f-1616fce5abc5/buffer?raw=true&since=1129 bearer=yes
2026-06-28T17:24:09.896Z GET /sessions/6888cfe1-4cce-49b7-bb2f-1616fce5abc5/buffer?raw=true&since=1129 bearer=yes
2026-06-28T17:24:10.907Z GET /sessions/6888cfe1-4cce-49b7-bb2f-1616fce5abc5/buffer?raw=true&since=1129 bearer=yes
2026-06-28T17:24:11.912Z GET /sessions/6888cfe1-4cce-49b7-bb2f-1616fce5abc5/buffer?raw=true&since=1129 bearer=yes
2026-06-28T17:24:12.920Z GET /sessions/6888cfe1-4cce-49b7-bb2f-1616fce5abc5/buffer?raw=true&since=1129 bearer=yes
2026-06-28T17:24:13.943Z GET /sessions/6888cfe1-4cce-49b7-bb2f-1616fce5abc5/buffer?raw=true&since=1129 bearer=yes
2026-06-28T17:24:14.969Z GET /sessions/6888cfe1-4cce-49b7-bb2f-1616fce5abc5/buffer?raw=true&since=1129 bearer=yes
2026-06-28T17:24:15.987Z GET /sessions/6888cfe1-4cce-49b7-bb2f-1616fce5abc5/buffer?raw=true&since=1129 bearer=yes
2026-06-28T17:24:16.999Z GET /sessions/6888cfe1-4cce-49b7-bb2f-1616fce5abc5/buffer?raw=true&since=1129 bearer=yes
2026-06-28T17:24:18.017Z GET /sessions/6888cfe1-4cce-49b7-bb2f-1616fce5abc5/buffer?raw=true&since=1129 bearer=yes
2026-06-28T17:24:19.044Z GET /sessions/6888cfe1-4cce-49b7-bb2f-1616fce5abc5/buffer?raw=true&since=1129 bearer=yes
2026-06-28T17:24:20.057Z GET /sessions/6888cfe1-4cce-49b7-bb2f-1616fce5abc5/buffer?raw=true&since=1129 bearer=yes
2026-06-28T17:24:21.076Z GET /sessions/6888cfe1-4cce-49b7-bb2f-1616fce5abc5/buffer?raw=true&since=1129 bearer=yes
2026-06-28T17:24:22.094Z GET /sessions/6888cfe1-4cce-49b7-bb2f-1616fce5abc5/buffer?raw=true&since=1129 bearer=yes
2026-06-28T17:24:23.117Z GET /sessions/6888cfe1-4cce-49b7-bb2f-1616fce5abc5/buffer?raw=true&since=1129 bearer=yes
2026-06-28T17:24:24.137Z GET /sessions/6888cfe1-4cce-49b7-bb2f-1616fce5abc5/buffer?raw=true&since=1129 bearer=yes
2026-06-28T17:24:25.159Z GET /sessions/6888cfe1-4cce-49b7-bb2f-1616fce5abc5/buffer?raw=true&since=1129 bearer=yes
2026-06-28T17:24:26.177Z GET /sessions/6888cfe1-4cce-49b7-bb2f-1616fce5abc5/buffer?raw=true&since=1129 bearer=yes
2026-06-28T17:24:27.196Z GET /sessions/6888cfe1-4cce-49b7-bb2f-1616fce5abc5/buffer?raw=true&since=1129 bearer=yes
2026-06-28T17:24:28.209Z GET /sessions/6888cfe1-4cce-49b7-bb2f-1616fce5abc5/buffer?raw=true&since=1129 bearer=yes
2026-06-28T17:24:29.227Z GET /sessions/6888cfe1-4cce-49b7-bb2f-1616fce5abc5/buffer?raw=true&since=1129 bearer=yes
2026-06-28T17:24:30.240Z GET /sessions/6888cfe1-4cce-49b7-bb2f-1616fce5abc5/buffer?raw=true&since=1129 bearer=yes
2026-06-28T17:24:31.260Z GET /sessions/6888cfe1-4cce-49b7-bb2f-1616fce5abc5/buffer?raw=true&since=1129 bearer=yes
2026-06-28T17:24:32.285Z GET /sessions/6888cfe1-4cce-49b7-bb2f-1616fce5abc5/buffer?raw=true&since=1129 bearer=yes
2026-06-28T17:24:33.309Z GET /sessions/6888cfe1-4cce-49b7-bb2f-1616fce5abc5/buffer?raw=true&since=1129 bearer=yes
2026-06-28T17:24:34.328Z GET /sessions/6888cfe1-4cce-49b7-bb2f-1616fce5abc5/buffer?raw=true&since=1129 bearer=yes
2026-06-28T17:24:35.348Z GET /sessions/6888cfe1-4cce-49b7-bb2f-1616fce5abc5/buffer?raw=true&since=1129 bearer=yes
2026-06-28T17:24:36.362Z GET /sessions/6888cfe1-4cce-49b7-bb2f-1616fce5abc5/buffer?raw=true&since=1129 bearer=yes
2026-06-28T17:24:37.384Z GET /sessions/6888cfe1-4cce-49b7-bb2f-1616fce5abc5/buffer?raw=true&since=1129 bearer=yes
2026-06-28T17:24:38.393Z GET /sessions/6888cfe1-4cce-49b7-bb2f-1616fce5abc5/buffer?raw=true&since=1129 bearer=yes
2026-06-28T17:24:39.414Z GET /sessions/6888cfe1-4cce-49b7-bb2f-1616fce5abc5/buffer?raw=true&since=1129 bearer=yes
2026-06-28T17:24:40.436Z GET /sessions/6888cfe1-4cce-49b7-bb2f-1616fce5abc5/buffer?raw=true&since=1129 bearer=yes
2026-06-28T17:24:41.451Z GET /sessions/6888cfe1-4cce-49b7-bb2f-1616fce5abc5/buffer?raw=true&since=1129 bearer=yes
2026-06-28T17:24:42.471Z GET /sessions/6888cfe1-4cce-49b7-bb2f-1616fce5abc5/buffer?raw=true&since=1129 bearer=yes
2026-06-28T17:24:43.483Z GET /sessions/6888cfe1-4cce-49b7-bb2f-1616fce5abc5/buffer?raw=true&since=1129 bearer=yes
2026-06-28T17:24:44.506Z GET /sessions/6888cfe1-4cce-49b7-bb2f-1616fce5abc5/buffer?raw=true&since=1129 bearer=yes
2026-06-28T17:24:45.525Z GET /sessions/6888cfe1-4cce-49b7-bb2f-1616fce5abc5/buffer?raw=true&since=1129 bearer=yes
2026-06-28T17:24:46.540Z GET /sessions/6888cfe1-4cce-49b7-bb2f-1616fce5abc5/buffer?raw=true&since=1129 bearer=yes
2026-06-28T17:24:47.560Z GET /sessions/6888cfe1-4cce-49b7-bb2f-1616fce5abc5/buffer?raw=true&since=1129 bearer=yes
2026-06-28T17:24:48.582Z GET /sessions/6888cfe1-4cce-49b7-bb2f-1616fce5abc5/buffer?raw=true&since=1129 bearer=yes
2026-06-28T17:24:49.595Z GET /sessions/6888cfe1-4cce-49b7-bb2f-1616fce5abc5/buffer?raw=true&since=1129 bearer=yes
2026-06-28T17:24:50.618Z GET /sessions/6888cfe1-4cce-49b7-bb2f-1616fce5abc5/buffer?raw=true&since=1129 bearer=yes
2026-06-28T17:24:51.634Z GET /sessions/6888cfe1-4cce-49b7-bb2f-1616fce5abc5/buffer?raw=true&since=1129 bearer=yes
2026-06-28T17:24:52.641Z GET /sessions/6888cfe1-4cce-49b7-bb2f-1616fce5abc5/buffer?raw=true&since=1129 bearer=yes
2026-06-28T17:24:53.660Z GET /sessions/6888cfe1-4cce-49b7-bb2f-1616fce5abc5/buffer?raw=true&since=1129 bearer=yes
2026-06-28T17:24:54.671Z GET /sessions/6888cfe1-4cce-49b7-bb2f-1616fce5abc5/buffer?raw=true&since=1129 bearer=yes
2026-06-28T17:24:55.683Z GET /sessions/6888cfe1-4cce-49b7-bb2f-1616fce5abc5/buffer?raw=true&since=1129 bearer=yes
2026-06-28T17:24:56.689Z GET /sessions/6888cfe1-4cce-49b7-bb2f-1616fce5abc5/buffer?raw=true&since=1129 bearer=yes
2026-06-28T17:24:57.703Z GET /sessions/6888cfe1-4cce-49b7-bb2f-1616fce5abc5/buffer?raw=true&since=1129 bearer=yes
2026-06-28T17:24:58.719Z GET /sessions/6888cfe1-4cce-49b7-bb2f-1616fce5abc5/buffer?raw=true&since=1129 bearer=yes
2026-06-28T17:24:58.914Z GET /sessions bearer=no
2026-06-28T17:24:58.916Z GET /sessions bearer=no
2026-06-28T17:24:58.996Z GET /sessions bearer=yes
2026-06-28T17:24:59.001Z GET /sessions/6888cfe1-4cce-49b7-bb2f-1616fce5abc5/buffer?raw=true bearer=yes
2026-06-28T17:24:59.002Z GET /sessions bearer=yes
2026-06-28T17:24:59.006Z GET /sessions/6888cfe1-4cce-49b7-bb2f-1616fce5abc5/buffer?raw=true bearer=yes
2026-06-28T17:25:00.020Z GET /sessions/6888cfe1-4cce-49b7-bb2f-1616fce5abc5/buffer?raw=true&since=1129 bearer=yes
2026-06-28T17:25:01.026Z GET /sessions/6888cfe1-4cce-49b7-bb2f-1616fce5abc5/buffer?raw=true&since=1129 bearer=yes
2026-06-28T17:25:01.059Z POST /sessions/6888cfe1-4cce-49b7-bb2f-1616fce5abc5/prompt bearer=yes
2026-06-28T17:25:01.883Z POST /sessions/6888cfe1-4cce-49b7-bb2f-1616fce5abc5/prompt bearer=yes
2026-06-28T17:25:02.040Z GET /sessions/6888cfe1-4cce-49b7-bb2f-1616fce5abc5/buffer?raw=true&since=1129 bearer=yes
2026-06-28T17:25:02.511Z POST /sessions/6888cfe1-4cce-49b7-bb2f-1616fce5abc5/prompt bearer=yes
2026-06-28T17:25:02.942Z POST /sessions/6888cfe1-4cce-49b7-bb2f-1616fce5abc5/prompt bearer=yes
2026-06-28T17:25:03.050Z GET /sessions/6888cfe1-4cce-49b7-bb2f-1616fce5abc5/buffer?raw=true&since=1235 bearer=yes
2026-06-28T17:25:03.378Z POST /sessions/6888cfe1-4cce-49b7-bb2f-1616fce5abc5/prompt bearer=yes
2026-06-28T17:25:03.830Z POST /sessions/6888cfe1-4cce-49b7-bb2f-1616fce5abc5/prompt bearer=yes
2026-06-28T17:25:04.057Z GET /sessions/6888cfe1-4cce-49b7-bb2f-1616fce5abc5/buffer?raw=true&since=1247 bearer=yes
2026-06-28T17:25:04.265Z POST /sessions/6888cfe1-4cce-49b7-bb2f-1616fce5abc5/escape bearer=yes
2026-06-28T17:25:04.892Z POST /sessions/6888cfe1-4cce-49b7-bb2f-1616fce5abc5/interrupt bearer=yes
2026-06-28T17:25:05.065Z GET /sessions/6888cfe1-4cce-49b7-bb2f-1616fce5abc5/buffer?raw=true&since=1252 bearer=yes
2026-06-28T17:25:06.486Z GET /sessions/6888cfe1-4cce-49b7-bb2f-1616fce5abc5/buffer?raw=true&since=1311 bearer=yes
2026-06-28T17:25:08.482Z GET /sessions/6888cfe1-4cce-49b7-bb2f-1616fce5abc5/buffer?raw=true&since=1311 bearer=yes
2026-06-28T17:25:10.485Z GET /sessions/6888cfe1-4cce-49b7-bb2f-1616fce5abc5/buffer?raw=true&since=1311 bearer=yes
2026-06-28T17:25:12.487Z GET /sessions/6888cfe1-4cce-49b7-bb2f-1616fce5abc5/buffer?raw=true&since=1311 bearer=yes
2026-06-28T17:25:14.476Z GET /sessions/6888cfe1-4cce-49b7-bb2f-1616fce5abc5/buffer?raw=true&since=1311 bearer=yes
2026-06-28T17:25:16.474Z GET /sessions/6888cfe1-4cce-49b7-bb2f-1616fce5abc5/buffer?raw=true&since=1311 bearer=yes
2026-06-28T17:25:18.485Z GET /sessions/6888cfe1-4cce-49b7-bb2f-1616fce5abc5/buffer?raw=true&since=1311 bearer=yes
2026-06-28T17:25:20.476Z GET /sessions/6888cfe1-4cce-49b7-bb2f-1616fce5abc5/buffer?raw=true&since=1311 bearer=yes
2026-06-28T17:25:22.483Z GET /sessions/6888cfe1-4cce-49b7-bb2f-1616fce5abc5/buffer?raw=true&since=1311 bearer=yes
2026-06-28T17:25:24.479Z GET /sessions/6888cfe1-4cce-49b7-bb2f-1616fce5abc5/buffer?raw=true&since=1311 bearer=yes
2026-06-28T17:25:26.488Z GET /sessions/6888cfe1-4cce-49b7-bb2f-1616fce5abc5/buffer?raw=true&since=1311 bearer=yes
2026-06-28T17:25:28.483Z GET /sessions/6888cfe1-4cce-49b7-bb2f-1616fce5abc5/buffer?raw=true&since=1311 bearer=yes
2026-06-28T17:25:30.480Z GET /sessions/6888cfe1-4cce-49b7-bb2f-1616fce5abc5/buffer?raw=true&since=1311 bearer=yes
2026-06-28T17:25:32.493Z GET /sessions/6888cfe1-4cce-49b7-bb2f-1616fce5abc5/buffer?raw=true&since=1311 bearer=yes
2026-06-28T17:25:34.472Z GET /sessions/6888cfe1-4cce-49b7-bb2f-1616fce5abc5/buffer?raw=true&since=1311 bearer=yes
2026-06-28T17:25:36.482Z GET /sessions/6888cfe1-4cce-49b7-bb2f-1616fce5abc5/buffer?raw=true&since=1311 bearer=yes
2026-06-28T17:25:38.484Z GET /sessions/6888cfe1-4cce-49b7-bb2f-1616fce5abc5/buffer?raw=true&since=1311 bearer=yes
2026-06-28T17:25:40.484Z GET /sessions/6888cfe1-4cce-49b7-bb2f-1616fce5abc5/buffer?raw=true&since=1311 bearer=yes
2026-06-28T17:25:42.474Z GET /sessions/6888cfe1-4cce-49b7-bb2f-1616fce5abc5/buffer?raw=true&since=1311 bearer=yes
2026-06-28T17:25:44.489Z GET /sessions/6888cfe1-4cce-49b7-bb2f-1616fce5abc5/buffer?raw=true&since=1311 bearer=yes
2026-06-28T17:25:46.489Z GET /sessions/6888cfe1-4cce-49b7-bb2f-1616fce5abc5/buffer?raw=true&since=1311 bearer=yes
2026-06-28T17:25:48.486Z GET /sessions/6888cfe1-4cce-49b7-bb2f-1616fce5abc5/buffer?raw=true&since=1311 bearer=yes
2026-06-28T17:25:50.485Z GET /sessions/6888cfe1-4cce-49b7-bb2f-1616fce5abc5/buffer?raw=true&since=1311 bearer=yes
2026-06-28T17:25:52.482Z GET /sessions/6888cfe1-4cce-49b7-bb2f-1616fce5abc5/buffer?raw=true&since=1311 bearer=yes
2026-06-28T17:25:54.483Z GET /sessions/6888cfe1-4cce-49b7-bb2f-1616fce5abc5/buffer?raw=true&since=1311 bearer=yes
2026-06-28T17:25:56.477Z GET /sessions/6888cfe1-4cce-49b7-bb2f-1616fce5abc5/buffer?raw=true&since=1311 bearer=yes
2026-06-28T17:25:58.475Z GET /sessions/6888cfe1-4cce-49b7-bb2f-1616fce5abc5/buffer?raw=true&since=1311 bearer=yes
2026-06-28T17:25:59.487Z GET /sessions/6888cfe1-4cce-49b7-bb2f-1616fce5abc5/buffer?raw=true&since=1311 bearer=yes
2026-06-28T17:26:01.476Z GET /sessions/6888cfe1-4cce-49b7-bb2f-1616fce5abc5/buffer?raw=true&since=1311 bearer=yes
2026-06-28T17:26:03.477Z GET /sessions/6888cfe1-4cce-49b7-bb2f-1616fce5abc5/buffer?raw=true&since=1311 bearer=yes
2026-06-28T17:26:05.484Z GET /sessions/6888cfe1-4cce-49b7-bb2f-1616fce5abc5/buffer?raw=true&since=1311 bearer=yes
2026-06-28T17:26:07.485Z GET /sessions/6888cfe1-4cce-49b7-bb2f-1616fce5abc5/buffer?raw=true&since=1311 bearer=yes
2026-06-28T17:26:09.483Z GET /sessions/6888cfe1-4cce-49b7-bb2f-1616fce5abc5/buffer?raw=true&since=1311 bearer=yes
2026-06-28T17:26:11.480Z GET /sessions/6888cfe1-4cce-49b7-bb2f-1616fce5abc5/buffer?raw=true&since=1311 bearer=yes
2026-06-28T17:26:13.478Z GET /sessions/6888cfe1-4cce-49b7-bb2f-1616fce5abc5/buffer?raw=true&since=1311 bearer=yes
2026-06-28T17:26:15.477Z GET /sessions/6888cfe1-4cce-49b7-bb2f-1616fce5abc5/buffer?raw=true&since=1311 bearer=yes
2026-06-28T17:26:17.475Z GET /sessions/6888cfe1-4cce-49b7-bb2f-1616fce5abc5/buffer?raw=true&since=1311 bearer=yes
2026-06-28T17:26:19.484Z GET /sessions/6888cfe1-4cce-49b7-bb2f-1616fce5abc5/buffer?raw=true&since=1311 bearer=yes
2026-06-28T17:26:21.484Z GET /sessions/6888cfe1-4cce-49b7-bb2f-1616fce5abc5/buffer?raw=true&since=1311 bearer=yes
2026-06-28T17:26:23.484Z GET /sessions/6888cfe1-4cce-49b7-bb2f-1616fce5abc5/buffer?raw=true&since=1311 bearer=yes
2026-06-28T17:26:25.484Z GET /sessions/6888cfe1-4cce-49b7-bb2f-1616fce5abc5/buffer?raw=true&since=1311 bearer=yes
2026-06-28T17:26:27.476Z GET /sessions/6888cfe1-4cce-49b7-bb2f-1616fce5abc5/buffer?raw=true&since=1311 bearer=yes
2026-06-28T17:26:29.489Z GET /sessions/6888cfe1-4cce-49b7-bb2f-1616fce5abc5/buffer?raw=true&since=1311 bearer=yes
2026-06-28T17:26:31.487Z GET /sessions/6888cfe1-4cce-49b7-bb2f-1616fce5abc5/buffer?raw=true&since=1311 bearer=yes
2026-06-28T17:26:33.480Z GET /sessions/6888cfe1-4cce-49b7-bb2f-1616fce5abc5/buffer?raw=true&since=1311 bearer=yes
2026-06-28T17:26:35.474Z GET /sessions/6888cfe1-4cce-49b7-bb2f-1616fce5abc5/buffer?raw=true&since=1311 bearer=yes
2026-06-28T17:26:37.476Z GET /sessions/6888cfe1-4cce-49b7-bb2f-1616fce5abc5/buffer?raw=true&since=1311 bearer=yes
2026-06-28T17:26:39.476Z GET /sessions/6888cfe1-4cce-49b7-bb2f-1616fce5abc5/buffer?raw=true&since=1311 bearer=yes
2026-06-28T17:26:41.470Z GET /sessions/6888cfe1-4cce-49b7-bb2f-1616fce5abc5/buffer?raw=true&since=1311 bearer=yes
2026-06-28T17:26:43.473Z GET /sessions/6888cfe1-4cce-49b7-bb2f-1616fce5abc5/buffer?raw=true&since=1311 bearer=yes
2026-06-28T17:26:45.481Z GET /sessions/6888cfe1-4cce-49b7-bb2f-1616fce5abc5/buffer?raw=true&since=1311 bearer=yes
2026-06-28T17:26:47.484Z GET /sessions/6888cfe1-4cce-49b7-bb2f-1616fce5abc5/buffer?raw=true&since=1311 bearer=yes
2026-06-28T17:26:49.475Z GET /sessions/6888cfe1-4cce-49b7-bb2f-1616fce5abc5/buffer?raw=true&since=1311 bearer=yes
2026-06-28T17:26:51.469Z GET /sessions/6888cfe1-4cce-49b7-bb2f-1616fce5abc5/buffer?raw=true&since=1311 bearer=yes
2026-06-28T17:26:53.470Z GET /sessions/6888cfe1-4cce-49b7-bb2f-1616fce5abc5/buffer?raw=true&since=1311 bearer=yes
2026-06-28T17:26:55.477Z GET /sessions/6888cfe1-4cce-49b7-bb2f-1616fce5abc5/buffer?raw=true&since=1311 bearer=yes
2026-06-28T17:26:57.473Z GET /sessions/6888cfe1-4cce-49b7-bb2f-1616fce5abc5/buffer?raw=true&since=1311 bearer=yes
2026-06-28T17:26:59.477Z GET /sessions/6888cfe1-4cce-49b7-bb2f-1616fce5abc5/buffer?raw=true&since=1311 bearer=yes
2026-06-28T17:27:01.475Z GET /sessions/6888cfe1-4cce-49b7-bb2f-1616fce5abc5/buffer?raw=true&since=1311 bearer=yes
2026-06-28T17:27:03.472Z GET /sessions/6888cfe1-4cce-49b7-bb2f-1616fce5abc5/buffer?raw=true&since=1311 bearer=yes
2026-06-28T17:27:05.469Z GET /sessions/6888cfe1-4cce-49b7-bb2f-1616fce5abc5/buffer?raw=true&since=1311 bearer=yes
2026-06-28T17:27:07.477Z GET /sessions/6888cfe1-4cce-49b7-bb2f-1616fce5abc5/buffer?raw=true&since=1311 bearer=yes
2026-06-28T17:27:09.475Z GET /sessions/6888cfe1-4cce-49b7-bb2f-1616fce5abc5/buffer?raw=true&since=1311 bearer=yes
2026-06-28T17:27:11.471Z GET /sessions/6888cfe1-4cce-49b7-bb2f-1616fce5abc5/buffer?raw=true&since=1311 bearer=yes
2026-06-28T17:27:13.481Z GET /sessions/6888cfe1-4cce-49b7-bb2f-1616fce5abc5/buffer?raw=true&since=1311 bearer=yes
2026-06-28T17:27:15.476Z GET /sessions/6888cfe1-4cce-49b7-bb2f-1616fce5abc5/buffer?raw=true&since=1311 bearer=yes
2026-06-28T17:27:17.484Z GET /sessions/6888cfe1-4cce-49b7-bb2f-1616fce5abc5/buffer?raw=true&since=1311 bearer=yes
2026-06-28T17:27:19.483Z GET /sessions/6888cfe1-4cce-49b7-bb2f-1616fce5abc5/buffer?raw=true&since=1311 bearer=yes
2026-06-28T17:27:21.483Z GET /sessions/6888cfe1-4cce-49b7-bb2f-1616fce5abc5/buffer?raw=true&since=1311 bearer=yes
2026-06-28T17:27:23.473Z GET /sessions/6888cfe1-4cce-49b7-bb2f-1616fce5abc5/buffer?raw=true&since=1311 bearer=yes
2026-06-28T17:27:25.484Z GET /sessions/6888cfe1-4cce-49b7-bb2f-1616fce5abc5/buffer?raw=true&since=1311 bearer=yes
2026-06-28T17:27:27.479Z GET /sessions/6888cfe1-4cce-49b7-bb2f-1616fce5abc5/buffer?raw=true&since=1311 bearer=yes
2026-06-28T17:27:29.470Z GET /sessions/6888cfe1-4cce-49b7-bb2f-1616fce5abc5/buffer?raw=true&since=1311 bearer=yes
2026-06-28T17:27:31.474Z GET /sessions/6888cfe1-4cce-49b7-bb2f-1616fce5abc5/buffer?raw=true&since=1311 bearer=yes
2026-06-28T17:27:33.478Z GET /sessions/6888cfe1-4cce-49b7-bb2f-1616fce5abc5/buffer?raw=true&since=1311 bearer=yes
2026-06-28T17:27:35.482Z GET /sessions/6888cfe1-4cce-49b7-bb2f-1616fce5abc5/buffer?raw=true&since=1311 bearer=yes
2026-06-28T17:27:37.479Z GET /sessions/6888cfe1-4cce-49b7-bb2f-1616fce5abc5/buffer?raw=true&since=1311 bearer=yes
2026-06-28T17:27:39.476Z GET /sessions/6888cfe1-4cce-49b7-bb2f-1616fce5abc5/buffer?raw=true&since=1311 bearer=yes
2026-06-28T17:27:41.483Z GET /sessions/6888cfe1-4cce-49b7-bb2f-1616fce5abc5/buffer?raw=true&since=1311 bearer=yes
2026-06-28T17:27:43.479Z GET /sessions/6888cfe1-4cce-49b7-bb2f-1616fce5abc5/buffer?raw=true&since=1311 bearer=yes
2026-06-28T17:27:45.473Z GET /sessions/6888cfe1-4cce-49b7-bb2f-1616fce5abc5/buffer?raw=true&since=1311 bearer=yes
2026-06-28T17:27:47.482Z GET /sessions/6888cfe1-4cce-49b7-bb2f-1616fce5abc5/buffer?raw=true&since=1311 bearer=yes
2026-06-28T17:27:49.482Z GET /sessions/6888cfe1-4cce-49b7-bb2f-1616fce5abc5/buffer?raw=true&since=1311 bearer=yes
2026-06-28T17:27:51.483Z GET /sessions/6888cfe1-4cce-49b7-bb2f-1616fce5abc5/buffer?raw=true&since=1311 bearer=yes
2026-06-28T17:27:53.473Z GET /sessions/6888cfe1-4cce-49b7-bb2f-1616fce5abc5/buffer?raw=true&since=1311 bearer=yes
2026-06-28T17:27:55.485Z GET /sessions/6888cfe1-4cce-49b7-bb2f-1616fce5abc5/buffer?raw=true&since=1311 bearer=yes
2026-06-28T17:27:57.478Z GET /sessions/6888cfe1-4cce-49b7-bb2f-1616fce5abc5/buffer?raw=true&since=1311 bearer=yes
2026-06-28T17:27:59.475Z GET /sessions/6888cfe1-4cce-49b7-bb2f-1616fce5abc5/buffer?raw=true&since=1311 bearer=yes
2026-06-28T17:28:01.475Z GET /sessions/6888cfe1-4cce-49b7-bb2f-1616fce5abc5/buffer?raw=true&since=1311 bearer=yes
2026-06-28T17:28:03.482Z GET /sessions/6888cfe1-4cce-49b7-bb2f-1616fce5abc5/buffer?raw=true&since=1311 bearer=yes
2026-06-28T17:28:05.483Z GET /sessions/6888cfe1-4cce-49b7-bb2f-1616fce5abc5/buffer?raw=true&since=1311 bearer=yes
2026-06-28T17:28:07.476Z GET /sessions/6888cfe1-4cce-49b7-bb2f-1616fce5abc5/buffer?raw=true&since=1311 bearer=yes
2026-06-28T17:28:09.476Z GET /sessions/6888cfe1-4cce-49b7-bb2f-1616fce5abc5/buffer?raw=true&since=1311 bearer=yes
2026-06-28T17:28:11.483Z GET /sessions/6888cfe1-4cce-49b7-bb2f-1616fce5abc5/buffer?raw=true&since=1311 bearer=yes
2026-06-28T17:28:13.474Z GET /sessions/6888cfe1-4cce-49b7-bb2f-1616fce5abc5/buffer?raw=true&since=1311 bearer=yes
2026-06-28T17:28:15.484Z GET /sessions/6888cfe1-4cce-49b7-bb2f-1616fce5abc5/buffer?raw=true&since=1311 bearer=yes
2026-06-28T17:28:17.474Z GET /sessions/6888cfe1-4cce-49b7-bb2f-1616fce5abc5/buffer?raw=true&since=1311 bearer=yes
2026-06-28T17:28:19.486Z GET /sessions/6888cfe1-4cce-49b7-bb2f-1616fce5abc5/buffer?raw=true&since=1311 bearer=yes
2026-06-28T17:28:21.481Z GET /sessions/6888cfe1-4cce-49b7-bb2f-1616fce5abc5/buffer?raw=true&since=1311 bearer=yes
2026-06-28T17:28:23.482Z GET /sessions/6888cfe1-4cce-49b7-bb2f-1616fce5abc5/buffer?raw=true&since=1311 bearer=yes
2026-06-28T17:28:25.474Z GET /sessions/6888cfe1-4cce-49b7-bb2f-1616fce5abc5/buffer?raw=true&since=1311 bearer=yes
2026-06-28T17:28:27.484Z GET /sessions/6888cfe1-4cce-49b7-bb2f-1616fce5abc5/buffer?raw=true&since=1311 bearer=yes
2026-06-28T17:28:29.474Z GET /sessions/6888cfe1-4cce-49b7-bb2f-1616fce5abc5/buffer?raw=true&since=1311 bearer=yes
2026-06-28T17:28:31.479Z GET /sessions/6888cfe1-4cce-49b7-bb2f-1616fce5abc5/buffer?raw=true&since=1311 bearer=yes
2026-06-28T17:28:33.486Z GET /sessions/6888cfe1-4cce-49b7-bb2f-1616fce5abc5/buffer?raw=true&since=1311 bearer=yes
2026-06-28T17:28:35.480Z GET /sessions/6888cfe1-4cce-49b7-bb2f-1616fce5abc5/buffer?raw=true&since=1311 bearer=yes
2026-06-28T17:28:37.470Z GET /sessions/6888cfe1-4cce-49b7-bb2f-1616fce5abc5/buffer?raw=true&since=1311 bearer=yes
2026-06-28T17:28:39.477Z GET /sessions/6888cfe1-4cce-49b7-bb2f-1616fce5abc5/buffer?raw=true&since=1311 bearer=yes
2026-06-28T17:28:41.483Z GET /sessions/6888cfe1-4cce-49b7-bb2f-1616fce5abc5/buffer?raw=true&since=1311 bearer=yes
2026-06-28T17:28:43.473Z GET /sessions/6888cfe1-4cce-49b7-bb2f-1616fce5abc5/buffer?raw=true&since=1311 bearer=yes
2026-06-28T17:28:45.480Z GET /sessions/6888cfe1-4cce-49b7-bb2f-1616fce5abc5/buffer?raw=true&since=1311 bearer=yes
2026-06-28T17:28:47.475Z GET /sessions/6888cfe1-4cce-49b7-bb2f-1616fce5abc5/buffer?raw=true&since=1311 bearer=yes
2026-06-28T17:28:49.484Z GET /sessions/6888cfe1-4cce-49b7-bb2f-1616fce5abc5/buffer?raw=true&since=1311 bearer=yes
2026-06-28T17:28:51.473Z GET /sessions/6888cfe1-4cce-49b7-bb2f-1616fce5abc5/buffer?raw=true&since=1311 bearer=yes
2026-06-28T17:28:53.479Z GET /sessions/6888cfe1-4cce-49b7-bb2f-1616fce5abc5/buffer?raw=true&since=1311 bearer=yes
2026-06-28T17:28:55.487Z GET /sessions/6888cfe1-4cce-49b7-bb2f-1616fce5abc5/buffer?raw=true&since=1311 bearer=yes
2026-06-28T17:28:57.484Z GET /sessions/6888cfe1-4cce-49b7-bb2f-1616fce5abc5/buffer?raw=true&since=1311 bearer=yes
2026-06-28T17:28:59.471Z GET /sessions/6888cfe1-4cce-49b7-bb2f-1616fce5abc5/buffer?raw=true&since=1311 bearer=yes
2026-06-28T17:29:01.472Z GET /sessions/6888cfe1-4cce-49b7-bb2f-1616fce5abc5/buffer?raw=true&since=1311 bearer=yes
2026-06-28T17:29:03.474Z GET /sessions/6888cfe1-4cce-49b7-bb2f-1616fce5abc5/buffer?raw=true&since=1311 bearer=yes
2026-06-28T17:29:05.475Z GET /sessions/6888cfe1-4cce-49b7-bb2f-1616fce5abc5/buffer?raw=true&since=1311 bearer=yes
2026-06-28T17:29:07.482Z GET /sessions/6888cfe1-4cce-49b7-bb2f-1616fce5abc5/buffer?raw=true&since=1311 bearer=yes
2026-06-28T17:29:09.478Z GET /sessions/6888cfe1-4cce-49b7-bb2f-1616fce5abc5/buffer?raw=true&since=1311 bearer=yes
2026-06-28T17:29:11.481Z GET /sessions/6888cfe1-4cce-49b7-bb2f-1616fce5abc5/buffer?raw=true&since=1311 bearer=yes
2026-06-28T17:29:13.482Z GET /sessions/6888cfe1-4cce-49b7-bb2f-1616fce5abc5/buffer?raw=true&since=1311 bearer=yes
2026-06-28T17:29:15.474Z GET /sessions/6888cfe1-4cce-49b7-bb2f-1616fce5abc5/buffer?raw=true&since=1311 bearer=yes
2026-06-28T17:29:17.476Z GET /sessions/6888cfe1-4cce-49b7-bb2f-1616fce5abc5/buffer?raw=true&since=1311 bearer=yes
2026-06-28T17:29:19.471Z GET /sessions/6888cfe1-4cce-49b7-bb2f-1616fce5abc5/buffer?raw=true&since=1311 bearer=yes
2026-06-28T17:29:21.479Z GET /sessions/6888cfe1-4cce-49b7-bb2f-1616fce5abc5/buffer?raw=true&since=1311 bearer=yes
2026-06-28T17:29:23.484Z GET /sessions/6888cfe1-4cce-49b7-bb2f-1616fce5abc5/buffer?raw=true&since=1311 bearer=yes
2026-06-28T17:29:25.480Z GET /sessions/6888cfe1-4cce-49b7-bb2f-1616fce5abc5/buffer?raw=true&since=1311 bearer=yes
2026-06-28T17:29:27.472Z GET /sessions/6888cfe1-4cce-49b7-bb2f-1616fce5abc5/buffer?raw=true&since=1311 bearer=yes
2026-06-28T17:29:29.478Z GET /sessions/6888cfe1-4cce-49b7-bb2f-1616fce5abc5/buffer?raw=true&since=1311 bearer=yes
2026-06-28T17:29:31.472Z GET /sessions/6888cfe1-4cce-49b7-bb2f-1616fce5abc5/buffer?raw=true&since=1311 bearer=yes
2026-06-28T17:29:33.471Z GET /sessions/6888cfe1-4cce-49b7-bb2f-1616fce5abc5/buffer?raw=true&since=1311 bearer=yes
